<?xml version="1.0" encoding="UTF-8"?>
<!-- Generated by org.testng.reporters.JUnitXMLReporter -->
<testsuite hostname="DESKTOP-HAQKA9K" name="Command line test" tests="11" failures="1" timestamp="21 Jul 2018 10:10:34 GMT" time="10.143" errors="0">
  <testcase name="searchInGoogleMaps" time="4.027" classname="RestAssuredJSONTests.TestGETRequest">
    <failure type="java.lang.AssertionError" message="1 expectation failed.
JSON path results[0].geometry.viewport.northeast.lat doesn&amp;apos;t match.
Expected: 48.24822
  Actual: 48.24822
">
      <![CDATA[java.lang.AssertionError: 1 expectation failed.
JSON path results[0].geometry.viewport.northeast.lat doesn't match.
Expected: 48.24822
  Actual: 48.24822

	at org.codehaus.groovy.runtime.callsite.ConstructorSite$ConstructorSiteNoUnwrap.callConstructor(ConstructorSite.java:84)
	at org.codehaus.groovy.runtime.callsite.CallSiteArray.defaultCallConstructor(CallSiteArray.java:60)
	at org.codehaus.groovy.runtime.callsite.AbstractCallSite.callConstructor(AbstractCallSite.java:235)
	at org.codehaus.groovy.runtime.callsite.AbstractCallSite.callConstructor(AbstractCallSite.java:247)
	at io.restassured.internal.ResponseSpecificationImpl$HamcrestAssertionClosure.validate(ResponseSpecificationImpl.groovy:471)
	at io.restassured.internal.ResponseSpecificationImpl$HamcrestAssertionClosure$validate$1.call(Unknown Source)
	at io.restassured.internal.ResponseSpecificationImpl.validateResponseIfRequired(ResponseSpecificationImpl.groovy:643)
	at org.codehaus.groovy.runtime.callsite.PogoMetaMethodSite$PogoCachedMethodSiteNoUnwrapNoCoerce.invoke(PogoMetaMethodSite.java:210)
	at org.codehaus.groovy.runtime.callsite.PogoMetaMethodSite.callCurrent(PogoMetaMethodSite.java:59)
	at org.codehaus.groovy.runtime.callsite.AbstractCallSite.callCurrent(AbstractCallSite.java:166)
	at io.restassured.internal.ResponseSpecificationImpl.content(ResponseSpecificationImpl.groovy:265)
	at io.restassured.specification.ResponseSpecification$content$1.callCurrent(Unknown Source)
	at io.restassured.internal.ResponseSpecificationImpl.body(ResponseSpecificationImpl.groovy:248)
	at io.restassured.internal.ValidatableResponseOptionsImpl.body(ValidatableResponseOptionsImpl.java:268)
	at RestAssuredJSONTests.TestGETRequest.searchInGoogleMaps(TestGETRequest.java:33)
... Removed 44 stack frames]]>
    </failure>
  </testcase> <!-- searchInGoogleMaps -->
  <testcase name="searchGoogleMapsJSON" time="0.642" classname="RestAssuredJSONTests.TestGETRequestJSONParse"/>
  <testcase name="testMaxPnLStocks" time="0.01" classname="NumberArraysTests.TestMaxProfitLossInStocksTestNG"/>
  <testcase name="addPlaceInGoogleMaps" time="0.988" classname="RestAssuredJSONTests.TestPOSTDeleteE2E"/>
  <testcase name="addPlaceInGoogleMaps" time="1.021" classname="RestAssuredXMLTests.TestPOSTDeleteE2E"/>
  <testcase name="addPlaceInGoogleMaps" time="0.418" classname="RestAssuredJSONTests.TestPOSTRequest"/>
  <testcase name="addPlaceInGoogleMaps" time="0.444" classname="RestAssuredXMLTests.TestPOSTRequest"/>
  <testcase name="addPlaceInGoogleMaps" time="0.452" classname="RestAssuredJSONTests.TestPOSTResponseValidator"/>
  <testcase name="addPlaceInGoogleMaps" time="0.454" classname="RestAssuredXMLTests.TestPOSTResponseValidator"/>
  <testcase name="testGetNthPrimeMethods" time="1.65" classname="NumberArraysTests.TestPrimeNumbersTestNG"/>
  <testcase name="testIsPrimeMethod" time="0.0" classname="NumberArraysTests.TestPrimeNumbersTestNG"/>
</testsuite> <!-- Command line test -->
