<html>
<head>
<title>TestNG:  Command line test</title>
<link href="../testng.css" rel="stylesheet" type="text/css" />
<link href="../my-testng.css" rel="stylesheet" type="text/css" />

<style type="text/css">
.log { display: none;} 
.stack-trace { display: none;} 
</style>
<script type="text/javascript">
<!--
function flip(e) {
  current = e.style.display;
  if (current == 'block') {
    e.style.display = 'none';
    return 0;
  }
  else {
    e.style.display = 'block';
    return 1;
  }
}

function toggleBox(szDivId, elem, msg1, msg2)
{
  var res = -1;  if (document.getElementById) {
    res = flip(document.getElementById(szDivId));
  }
  else if (document.all) {
    // this is the way old msie versions work
    res = flip(document.all[szDivId]);
  }
  if(elem) {
    if(res == 0) elem.innerHTML = msg1; else elem.innerHTML = msg2;
  }

}

function toggleAllBoxes() {
  if (document.getElementsByTagName) {
    d = document.getElementsByTagName('div');
    for (i = 0; i < d.length; i++) {
      if (d[i].className == 'log') {
        flip(d[i]);
      }
    }
  }
}

// -->
</script>

</head>
<body>
<h2 align='center'>Command line test</h2><table border='1' align="center">
<tr>
<td>Tests passed/Failed/Skipped:</td><td>10/1/0</td>
</tr><tr>
<td>Started on:</td><td>Sat Jul 21 15:40:24 IST 2018</td>
</tr>
<tr><td>Total time:</td><td>10 seconds (10143 ms)</td>
</tr><tr>
<td>Included groups:</td><td></td>
</tr><tr>
<td>Excluded groups:</td><td></td>
</tr>
</table><p/>
<small><i>(Hover the method name to see the test class name)</i></small><p/>
<table width='100%' border='1' class='invocation-failed'>
<tr><td colspan='4' align='center'><b>FAILED TESTS</b></td></tr>
<tr><td><b>Test method</b></td>
<td width="30%"><b>Exception</b></td>
<td width="10%"><b>Time (seconds)</b></td>
<td><b>Instance</b></td>
</tr>
<tr>
<td title='RestAssuredJSONTests.TestGETRequest.searchInGoogleMaps()'><b>searchInGoogleMaps</b><br>Test class: RestAssuredJSONTests.TestGETRequest</td>
<td><div><pre>java.lang.AssertionError: 1 expectation failed.
JSON path results[0].geometry.viewport.northeast.lat doesn&apos;t match.
Expected: 48.24822
  Actual: 48.24822

	at org.codehaus.groovy.runtime.callsite.ConstructorSite$ConstructorSiteNoUnwrap.callConstructor(ConstructorSite.java:84)
	at org.codehaus.groovy.runtime.callsite.CallSiteArray.defaultCallConstructor(CallSiteArray.java:60)
	at org.codehaus.groovy.runtime.callsite.AbstractCallSite.callConstructor(AbstractCallSite.java:235)
	at org.codehaus.groovy.runtime.callsite.AbstractCallSite.callConstructor(AbstractCallSite.java:247)
	at io.restassured.internal.ResponseSpecificationImpl$HamcrestAssertionClosure.validate(ResponseSpecificationImpl.groovy:471)
	at io.restassured.internal.ResponseSpecificationImpl$HamcrestAssertionClosure$validate$1.call(Unknown Source)
	at io.restassured.internal.ResponseSpecificationImpl.validateResponseIfRequired(ResponseSpecificationImpl.groovy:643)
	at org.codehaus.groovy.runtime.callsite.PogoMetaMethodSite$PogoCachedMethodSiteNoUnwrapNoCoerce.invoke(PogoMetaMethodSite.java:210)
	at org.codehaus.groovy.runtime.callsite.PogoMetaMethodSite.callCurrent(PogoMetaMethodSite.java:59)
	at org.codehaus.groovy.runtime.callsite.AbstractCallSite.callCurrent(AbstractCallSite.java:166)
	at io.restassured.internal.ResponseSpecificationImpl.content(ResponseSpecificationImpl.groovy:265)
	at io.restassured.specification.ResponseSpecification$content$1.callCurrent(Unknown Source)
	at io.restassured.internal.ResponseSpecificationImpl.body(ResponseSpecificationImpl.groovy:248)
	at io.restassured.internal.ValidatableResponseOptionsImpl.body(ValidatableResponseOptionsImpl.java:268)
	at RestAssuredJSONTests.TestGETRequest.searchInGoogleMaps(TestGETRequest.java:33)
... Removed 44 stack frames</pre></div><a href='#' onClick='toggleBox("stack-trace2061226112", this, "Click to show all stack frames", "Click to hide stack frames")'>Click to show all stack frames</a>
<div class='stack-trace' id='stack-trace2061226112'><pre>java.lang.AssertionError: 1 expectation failed.
JSON path results[0].geometry.viewport.northeast.lat doesn&apos;t match.
Expected: 48.24822
  Actual: 48.24822

	at sun.reflect.NativeConstructorAccessorImpl.newInstance0(Native Method)
	at sun.reflect.NativeConstructorAccessorImpl.newInstance(NativeConstructorAccessorImpl.java:62)
	at sun.reflect.DelegatingConstructorAccessorImpl.newInstance(DelegatingConstructorAccessorImpl.java:45)
	at java.lang.reflect.Constructor.newInstance(Constructor.java:423)
	at org.codehaus.groovy.reflection.CachedConstructor.invoke(CachedConstructor.java:83)
	at org.codehaus.groovy.reflection.CachedConstructor.doConstructorInvoke(CachedConstructor.java:77)
	at org.codehaus.groovy.runtime.callsite.ConstructorSite$ConstructorSiteNoUnwrap.callConstructor(ConstructorSite.java:84)
	at org.codehaus.groovy.runtime.callsite.CallSiteArray.defaultCallConstructor(CallSiteArray.java:60)
	at org.codehaus.groovy.runtime.callsite.AbstractCallSite.callConstructor(AbstractCallSite.java:235)
	at org.codehaus.groovy.runtime.callsite.AbstractCallSite.callConstructor(AbstractCallSite.java:247)
	at io.restassured.internal.ResponseSpecificationImpl$HamcrestAssertionClosure.validate(ResponseSpecificationImpl.groovy:471)
	at io.restassured.internal.ResponseSpecificationImpl$HamcrestAssertionClosure$validate$1.call(Unknown Source)
	at io.restassured.internal.ResponseSpecificationImpl.validateResponseIfRequired(ResponseSpecificationImpl.groovy:643)
	at sun.reflect.NativeMethodAccessorImpl.invoke0(Native Method)
	at sun.reflect.NativeMethodAccessorImpl.invoke(NativeMethodAccessorImpl.java:62)
	at sun.reflect.DelegatingMethodAccessorImpl.invoke(DelegatingMethodAccessorImpl.java:43)
	at java.lang.reflect.Method.invoke(Method.java:498)
	at org.codehaus.groovy.runtime.callsite.PogoMetaMethodSite$PogoCachedMethodSiteNoUnwrapNoCoerce.invoke(PogoMetaMethodSite.java:210)
	at org.codehaus.groovy.runtime.callsite.PogoMetaMethodSite.callCurrent(PogoMetaMethodSite.java:59)
	at org.codehaus.groovy.runtime.callsite.AbstractCallSite.callCurrent(AbstractCallSite.java:166)
	at io.restassured.internal.ResponseSpecificationImpl.content(ResponseSpecificationImpl.groovy:265)
	at io.restassured.specification.ResponseSpecification$content$1.callCurrent(Unknown Source)
	at io.restassured.internal.ResponseSpecificationImpl.body(ResponseSpecificationImpl.groovy:248)
	at io.restassured.internal.ValidatableResponseOptionsImpl.body(ValidatableResponseOptionsImpl.java:268)
	at RestAssuredJSONTests.TestGETRequest.searchInGoogleMaps(TestGETRequest.java:33)
	at sun.reflect.NativeMethodAccessorImpl.invoke0(Native Method)
	at sun.reflect.NativeMethodAccessorImpl.invoke(NativeMethodAccessorImpl.java:62)
	at sun.reflect.DelegatingMethodAccessorImpl.invoke(DelegatingMethodAccessorImpl.java:43)
	at java.lang.reflect.Method.invoke(Method.java:498)
	at org.testng.internal.MethodInvocationHelper.invokeMethod(MethodInvocationHelper.java:84)
	at org.testng.internal.Invoker.invokeMethod(Invoker.java:714)
	at org.testng.internal.Invoker.invokeTestMethod(Invoker.java:901)
	at org.testng.internal.Invoker.invokeTestMethods(Invoker.java:1231)
	at org.testng.internal.TestMethodWorker.invokeTestMethods(TestMethodWorker.java:127)
	at org.testng.internal.TestMethodWorker.run(TestMethodWorker.java:111)
	at org.testng.TestRunner.privateRun(TestRunner.java:767)
	at org.testng.TestRunner.run(TestRunner.java:617)
	at org.testng.SuiteRunner.runTest(SuiteRunner.java:348)
	at org.testng.SuiteRunner.runSequentially(SuiteRunner.java:343)
	at org.testng.SuiteRunner.privateRun(SuiteRunner.java:305)
	at org.testng.SuiteRunner.run(SuiteRunner.java:254)
	at org.testng.SuiteRunnerWorker.runSuite(SuiteRunnerWorker.java:52)
	at org.testng.SuiteRunnerWorker.run(SuiteRunnerWorker.java:86)
	at org.testng.TestNG.runSuitesSequentially(TestNG.java:1224)
	at org.testng.TestNG.runSuitesLocally(TestNG.java:1149)
	at org.testng.TestNG.run(TestNG.java:1057)
	at org.apache.maven.surefire.testng.TestNGExecutor.run(TestNGExecutor.java:77)
	at org.apache.maven.surefire.testng.TestNGDirectoryTestSuite.executeMulti(TestNGDirectoryTestSuite.java:159)
	at org.apache.maven.surefire.testng.TestNGDirectoryTestSuite.execute(TestNGDirectoryTestSuite.java:99)
	at org.apache.maven.surefire.testng.TestNGProvider.invoke(TestNGProvider.java:106)
	at sun.reflect.NativeMethodAccessorImpl.invoke0(Native Method)
	at sun.reflect.NativeMethodAccessorImpl.invoke(NativeMethodAccessorImpl.java:62)
	at sun.reflect.DelegatingMethodAccessorImpl.invoke(DelegatingMethodAccessorImpl.java:43)
	at java.lang.reflect.Method.invoke(Method.java:498)
	at org.apache.maven.surefire.util.ReflectionUtils.invokeMethodWithArray(ReflectionUtils.java:189)
	at org.apache.maven.surefire.booter.ProviderFactory$ProviderProxy.invoke(ProviderFactory.java:165)
	at org.apache.maven.surefire.booter.ProviderFactory.invokeProvider(ProviderFactory.java:85)
	at org.apache.maven.surefire.booter.ForkedBooter.runSuitesInProcess(ForkedBooter.java:115)
	at org.apache.maven.surefire.booter.ForkedBooter.main(ForkedBooter.java:75)
</pre></div></td>
<td>4</td>
<td>RestAssuredJSONTests.TestGETRequest@13c78c0b</td></tr>
</table><p>
<table width='100%' border='1' class='invocation-passed'>
<tr><td colspan='4' align='center'><b>PASSED TESTS</b></td></tr>
<tr><td><b>Test method</b></td>
<td width="30%"><b>Exception</b></td>
<td width="10%"><b>Time (seconds)</b></td>
<td><b>Instance</b></td>
</tr>
<tr>
<td title='RestAssuredJSONTests.TestPOSTDeleteE2E.addPlaceInGoogleMaps()'><b>addPlaceInGoogleMaps</b><br>Test class: RestAssuredJSONTests.TestPOSTDeleteE2E</td>
<td></td>
<td>0</td>
<td>RestAssuredJSONTests.TestPOSTDeleteE2E@735b478</td></tr>
<tr>
<td title='RestAssuredXMLTests.TestPOSTDeleteE2E.addPlaceInGoogleMaps()'><b>addPlaceInGoogleMaps</b><br>Test class: RestAssuredXMLTests.TestPOSTDeleteE2E</td>
<td></td>
<td>1</td>
<td>RestAssuredXMLTests.TestPOSTDeleteE2E@61dc03ce</td></tr>
<tr>
<td title='RestAssuredJSONTests.TestPOSTRequest.addPlaceInGoogleMaps()'><b>addPlaceInGoogleMaps</b><br>Test class: RestAssuredJSONTests.TestPOSTRequest</td>
<td></td>
<td>0</td>
<td>RestAssuredJSONTests.TestPOSTRequest@52af6cff</td></tr>
<tr>
<td title='RestAssuredXMLTests.TestPOSTRequest.addPlaceInGoogleMaps()'><b>addPlaceInGoogleMaps</b><br>Test class: RestAssuredXMLTests.TestPOSTRequest</td>
<td></td>
<td>0</td>
<td>RestAssuredXMLTests.TestPOSTRequest@2c9f9fb0</td></tr>
<tr>
<td title='RestAssuredJSONTests.TestPOSTResponseValidator.addPlaceInGoogleMaps()'><b>addPlaceInGoogleMaps</b><br>Test class: RestAssuredJSONTests.TestPOSTResponseValidator</td>
<td></td>
<td>0</td>
<td>RestAssuredJSONTests.TestPOSTResponseValidator@6df97b55</td></tr>
<tr>
<td title='RestAssuredXMLTests.TestPOSTResponseValidator.addPlaceInGoogleMaps()'><b>addPlaceInGoogleMaps</b><br>Test class: RestAssuredXMLTests.TestPOSTResponseValidator</td>
<td></td>
<td>0</td>
<td>RestAssuredXMLTests.TestPOSTResponseValidator@737996a0</td></tr>
<tr>
<td title='RestAssuredJSONTests.TestGETRequestJSONParse.searchGoogleMapsJSON()'><b>searchGoogleMapsJSON</b><br>Test class: RestAssuredJSONTests.TestGETRequestJSONParse</td>
<td></td>
<td>0</td>
<td>RestAssuredJSONTests.TestGETRequestJSONParse@234bef66</td></tr>
<tr>
<td title='NumberArraysTests.TestPrimeNumbersTestNG.testGetNthPrimeMethods()'><b>testGetNthPrimeMethods</b><br>Test class: NumberArraysTests.TestPrimeNumbersTestNG</td>
<td></td>
<td>1</td>
<td>NumberArraysTests.TestPrimeNumbersTestNG@2cb4c3ab</td></tr>
<tr>
<td title='NumberArraysTests.TestPrimeNumbersTestNG.testIsPrimeMethod()'><b>testIsPrimeMethod</b><br>Test class: NumberArraysTests.TestPrimeNumbersTestNG</td>
<td></td>
<td>0</td>
<td>NumberArraysTests.TestPrimeNumbersTestNG@2cb4c3ab</td></tr>
<tr>
<td title='NumberArraysTests.TestMaxProfitLossInStocksTestNG.testMaxPnLStocks()'><b>testMaxPnLStocks</b><br>Test class: NumberArraysTests.TestMaxProfitLossInStocksTestNG</td>
<td></td>
<td>0</td>
<td>NumberArraysTests.TestMaxProfitLossInStocksTestNG@50f8360d</td></tr>
</table><p>
</body>
</html>