<?xml version="1.0" encoding="UTF-8"?>
<!-- Generated by org.testng.reporters.JUnitXMLReporter -->
<testsuite hostname="INBANGOYAL2" name="RestAPIJSONTests" tests="2" failures="1" timestamp="14 Jun 2018 13:26:59 GMT" time="0.038" errors="0">
  <testcase name="skipTest" time="0.011" classname="RestAssuredJSONTests.TestGETRequestJSONParse">
    <skipped/>
  </testcase> <!-- skipTest -->
  <testcase name="testAssertions" time="0.009" classname="RestAssuredJSONTests.TestGETRequestJSONParse">
    <failure type="java.lang.AssertionError" message="The following asserts failed:
null, null, null">
      <![CDATA[java.lang.AssertionError: The following asserts failed:
null, null, null
	at RestAssuredJSONTests.TestGETRequestJSONParse.testAssertions(TestGETRequestJSONParse.java:72)
... Removed 25 stack frames]]>
    </failure>
  </testcase> <!-- testAssertions -->
</testsuite> <!-- RestAPIJSONTests -->
