<?xml version="1.0" encoding="UTF-8"?>
<testng-results skipped="0" failed="1" total="11" passed="10">
  <reporter-output>
  </reporter-output>
  <suite name="Command line suite" duration-ms="10143" started-at="2018-07-21T10:10:24Z" finished-at="2018-07-21T10:10:34Z">
    <groups>
    </groups>
    <test name="Command line test" duration-ms="10143" started-at="2018-07-21T10:10:24Z" finished-at="2018-07-21T10:10:34Z">
      <class name="RestAssuredJSONTests.TestGETRequest">
        <test-method status="FAIL" signature="searchInGoogleMaps()[pri:0, instance:RestAssuredJSONTests.TestGETRequest@13c78c0b]" name="searchInGoogleMaps" duration-ms="4027" started-at="2018-07-21T15:40:24Z" finished-at="2018-07-21T15:40:28Z">
          <exception class="java.lang.AssertionError">
            <message>
              <![CDATA[1 expectation failed.
JSON path results[0].geometry.viewport.northeast.lat doesn't match.
Expected: 48.24822
  Actual: 48.24822
]]>
            </message>
            <full-stacktrace>
              <![CDATA[java.lang.AssertionError: 1 expectation failed.
JSON path results[0].geometry.viewport.northeast.lat doesn't match.
Expected: 48.24822
  Actual: 48.24822

	at sun.reflect.NativeConstructorAccessorImpl.newInstance0(Native Method)
	at sun.reflect.NativeConstructorAccessorImpl.newInstance(NativeConstructorAccessorImpl.java:62)
	at sun.reflect.DelegatingConstructorAccessorImpl.newInstance(DelegatingConstructorAccessorImpl.java:45)
	at java.lang.reflect.Constructor.newInstance(Constructor.java:423)
	at org.codehaus.groovy.reflection.CachedConstructor.invoke(CachedConstructor.java:83)
	at org.codehaus.groovy.reflection.CachedConstructor.doConstructorInvoke(CachedConstructor.java:77)
	at org.codehaus.groovy.runtime.callsite.ConstructorSite$ConstructorSiteNoUnwrap.callConstructor(ConstructorSite.java:84)
	at org.codehaus.groovy.runtime.callsite.CallSiteArray.defaultCallConstructor(CallSiteArray.java:60)
	at org.codehaus.groovy.runtime.callsite.AbstractCallSite.callConstructor(AbstractCallSite.java:235)
	at org.codehaus.groovy.runtime.callsite.AbstractCallSite.callConstructor(AbstractCallSite.java:247)
	at io.restassured.internal.ResponseSpecificationImpl$HamcrestAssertionClosure.validate(ResponseSpecificationImpl.groovy:471)
	at io.restassured.internal.ResponseSpecificationImpl$HamcrestAssertionClosure$validate$1.call(Unknown Source)
	at io.restassured.internal.ResponseSpecificationImpl.validateResponseIfRequired(ResponseSpecificationImpl.groovy:643)
	at sun.reflect.NativeMethodAccessorImpl.invoke0(Native Method)
	at sun.reflect.NativeMethodAccessorImpl.invoke(NativeMethodAccessorImpl.java:62)
	at sun.reflect.DelegatingMethodAccessorImpl.invoke(DelegatingMethodAccessorImpl.java:43)
	at java.lang.reflect.Method.invoke(Method.java:498)
	at org.codehaus.groovy.runtime.callsite.PogoMetaMethodSite$PogoCachedMethodSiteNoUnwrapNoCoerce.invoke(PogoMetaMethodSite.java:210)
	at org.codehaus.groovy.runtime.callsite.PogoMetaMethodSite.callCurrent(PogoMetaMethodSite.java:59)
	at org.codehaus.groovy.runtime.callsite.AbstractCallSite.callCurrent(AbstractCallSite.java:166)
	at io.restassured.internal.ResponseSpecificationImpl.content(ResponseSpecificationImpl.groovy:265)
	at io.restassured.specification.ResponseSpecification$content$1.callCurrent(Unknown Source)
	at io.restassured.internal.ResponseSpecificationImpl.body(ResponseSpecificationImpl.groovy:248)
	at io.restassured.internal.ValidatableResponseOptionsImpl.body(ValidatableResponseOptionsImpl.java:268)
	at RestAssuredJSONTests.TestGETRequest.searchInGoogleMaps(TestGETRequest.java:33)
	at sun.reflect.NativeMethodAccessorImpl.invoke0(Native Method)
	at sun.reflect.NativeMethodAccessorImpl.invoke(NativeMethodAccessorImpl.java:62)
	at sun.reflect.DelegatingMethodAccessorImpl.invoke(DelegatingMethodAccessorImpl.java:43)
	at java.lang.reflect.Method.invoke(Method.java:498)
	at org.testng.internal.MethodInvocationHelper.invokeMethod(MethodInvocationHelper.java:84)
	at org.testng.internal.Invoker.invokeMethod(Invoker.java:714)
	at org.testng.internal.Invoker.invokeTestMethod(Invoker.java:901)
	at org.testng.internal.Invoker.invokeTestMethods(Invoker.java:1231)
	at org.testng.internal.TestMethodWorker.invokeTestMethods(TestMethodWorker.java:127)
	at org.testng.internal.TestMethodWorker.run(TestMethodWorker.java:111)
	at org.testng.TestRunner.privateRun(TestRunner.java:767)
	at org.testng.TestRunner.run(TestRunner.java:617)
	at org.testng.SuiteRunner.runTest(SuiteRunner.java:348)
	at org.testng.SuiteRunner.runSequentially(SuiteRunner.java:343)
	at org.testng.SuiteRunner.privateRun(SuiteRunner.java:305)
	at org.testng.SuiteRunner.run(SuiteRunner.java:254)
	at org.testng.SuiteRunnerWorker.runSuite(SuiteRunnerWorker.java:52)
	at org.testng.SuiteRunnerWorker.run(SuiteRunnerWorker.java:86)
	at org.testng.TestNG.runSuitesSequentially(TestNG.java:1224)
	at org.testng.TestNG.runSuitesLocally(TestNG.java:1149)
	at org.testng.TestNG.run(TestNG.java:1057)
	at org.apache.maven.surefire.testng.TestNGExecutor.run(TestNGExecutor.java:77)
	at org.apache.maven.surefire.testng.TestNGDirectoryTestSuite.executeMulti(TestNGDirectoryTestSuite.java:159)
	at org.apache.maven.surefire.testng.TestNGDirectoryTestSuite.execute(TestNGDirectoryTestSuite.java:99)
	at org.apache.maven.surefire.testng.TestNGProvider.invoke(TestNGProvider.java:106)
	at sun.reflect.NativeMethodAccessorImpl.invoke0(Native Method)
	at sun.reflect.NativeMethodAccessorImpl.invoke(NativeMethodAccessorImpl.java:62)
	at sun.reflect.DelegatingMethodAccessorImpl.invoke(DelegatingMethodAccessorImpl.java:43)
	at java.lang.reflect.Method.invoke(Method.java:498)
	at org.apache.maven.surefire.util.ReflectionUtils.invokeMethodWithArray(ReflectionUtils.java:189)
	at org.apache.maven.surefire.booter.ProviderFactory$ProviderProxy.invoke(ProviderFactory.java:165)
	at org.apache.maven.surefire.booter.ProviderFactory.invokeProvider(ProviderFactory.java:85)
	at org.apache.maven.surefire.booter.ForkedBooter.runSuitesInProcess(ForkedBooter.java:115)
	at org.apache.maven.surefire.booter.ForkedBooter.main(ForkedBooter.java:75)
]]>
            </full-stacktrace>
          </exception> <!-- java.lang.AssertionError -->
          <reporter-output>
          </reporter-output>
        </test-method> <!-- searchInGoogleMaps -->
      </class> <!-- RestAssuredJSONTests.TestGETRequest -->
      <class name="RestAssuredJSONTests.TestPOSTDeleteE2E">
        <test-method status="PASS" signature="addPlaceInGoogleMaps()[pri:0, instance:RestAssuredJSONTests.TestPOSTDeleteE2E@735b478]" name="addPlaceInGoogleMaps" duration-ms="988" started-at="2018-07-21T15:40:28Z" finished-at="2018-07-21T15:40:29Z">
          <reporter-output>
          </reporter-output>
        </test-method> <!-- addPlaceInGoogleMaps -->
      </class> <!-- RestAssuredJSONTests.TestPOSTDeleteE2E -->
      <class name="RestAssuredXMLTests.TestPOSTResponseValidator">
        <test-method status="PASS" signature="addPlaceInGoogleMaps()[pri:0, instance:RestAssuredXMLTests.TestPOSTResponseValidator@737996a0]" name="addPlaceInGoogleMaps" duration-ms="454" started-at="2018-07-21T15:40:32Z" finished-at="2018-07-21T15:40:32Z">
          <reporter-output>
          </reporter-output>
        </test-method> <!-- addPlaceInGoogleMaps -->
      </class> <!-- RestAssuredXMLTests.TestPOSTResponseValidator -->
      <class name="RestAssuredJSONTests.TestPOSTResponseValidator">
        <test-method status="PASS" signature="addPlaceInGoogleMaps()[pri:0, instance:RestAssuredJSONTests.TestPOSTResponseValidator@6df97b55]" name="addPlaceInGoogleMaps" duration-ms="452" started-at="2018-07-21T15:40:31Z" finished-at="2018-07-21T15:40:32Z">
          <reporter-output>
          </reporter-output>
        </test-method> <!-- addPlaceInGoogleMaps -->
      </class> <!-- RestAssuredJSONTests.TestPOSTResponseValidator -->
      <class name="RestAssuredJSONTests.TestGETRequestJSONParse">
        <test-method status="PASS" signature="searchGoogleMapsJSON()[pri:0, instance:RestAssuredJSONTests.TestGETRequestJSONParse@234bef66]" name="searchGoogleMapsJSON" duration-ms="642" started-at="2018-07-21T15:40:28Z" finished-at="2018-07-21T15:40:28Z">
          <reporter-output>
          </reporter-output>
        </test-method> <!-- searchGoogleMapsJSON -->
      </class> <!-- RestAssuredJSONTests.TestGETRequestJSONParse -->
      <class name="NumberArraysTests.TestMaxProfitLossInStocksTestNG">
        <test-method status="PASS" signature="testMaxPnLStocks()[pri:0, instance:NumberArraysTests.TestMaxProfitLossInStocksTestNG@50f8360d]" name="testMaxPnLStocks" duration-ms="10" started-at="2018-07-21T15:40:28Z" finished-at="2018-07-21T15:40:28Z">
          <reporter-output>
          </reporter-output>
        </test-method> <!-- testMaxPnLStocks -->
      </class> <!-- NumberArraysTests.TestMaxProfitLossInStocksTestNG -->
      <class name="NumberArraysTests.TestPrimeNumbersTestNG">
        <test-method status="PASS" signature="testGetNthPrimeMethods()[pri:0, instance:NumberArraysTests.TestPrimeNumbersTestNG@2cb4c3ab]" name="testGetNthPrimeMethods" duration-ms="1650" started-at="2018-07-21T15:40:32Z" finished-at="2018-07-21T15:40:34Z">
          <reporter-output>
          </reporter-output>
        </test-method> <!-- testGetNthPrimeMethods -->
        <test-method status="PASS" signature="testIsPrimeMethod()[pri:0, instance:NumberArraysTests.TestPrimeNumbersTestNG@2cb4c3ab]" name="testIsPrimeMethod" duration-ms="0" started-at="2018-07-21T15:40:34Z" finished-at="2018-07-21T15:40:34Z">
          <reporter-output>
          </reporter-output>
        </test-method> <!-- testIsPrimeMethod -->
      </class> <!-- NumberArraysTests.TestPrimeNumbersTestNG -->
      <class name="RestAssuredXMLTests.TestPOSTRequest">
        <test-method status="PASS" signature="addPlaceInGoogleMaps()[pri:0, instance:RestAssuredXMLTests.TestPOSTRequest@2c9f9fb0]" name="addPlaceInGoogleMaps" duration-ms="444" started-at="2018-07-21T15:40:31Z" finished-at="2018-07-21T15:40:31Z">
          <reporter-output>
          </reporter-output>
        </test-method> <!-- addPlaceInGoogleMaps -->
      </class> <!-- RestAssuredXMLTests.TestPOSTRequest -->
      <class name="RestAssuredJSONTests.TestPOSTRequest">
        <test-method status="PASS" signature="addPlaceInGoogleMaps()[pri:0, instance:RestAssuredJSONTests.TestPOSTRequest@52af6cff]" name="addPlaceInGoogleMaps" duration-ms="418" started-at="2018-07-21T15:40:30Z" finished-at="2018-07-21T15:40:31Z">
          <reporter-output>
          </reporter-output>
        </test-method> <!-- addPlaceInGoogleMaps -->
      </class> <!-- RestAssuredJSONTests.TestPOSTRequest -->
      <class name="RestAssuredXMLTests.TestPOSTDeleteE2E">
        <test-method status="PASS" signature="addPlaceInGoogleMaps()[pri:0, instance:RestAssuredXMLTests.TestPOSTDeleteE2E@61dc03ce]" name="addPlaceInGoogleMaps" duration-ms="1021" started-at="2018-07-21T15:40:29Z" finished-at="2018-07-21T15:40:30Z">
          <reporter-output>
          </reporter-output>
        </test-method> <!-- addPlaceInGoogleMaps -->
      </class> <!-- RestAssuredXMLTests.TestPOSTDeleteE2E -->
    </test> <!-- Command line test -->
  </suite> <!-- Command line suite -->
</testng-results>
